Dec 20, 2013 1:55:36 PM org.apache.catalina.core.AprLifecycleListener init
INFO: The APR based Apache Tomcat Native library which allows optimal performance in production environments was not found on the java.library.path: .:/Library/Java/Extensions:/System/Library/Java/Extensions:/usr/lib/java
Dec 20, 2013 1:55:36 PM org.apache.coyote.http11.Http11Protocol init
INFO: Initializing Coyote HTTP/1.1 on http-8080
Dec 20, 2013 1:55:36 PM org.apache.catalina.startup.Catalina load
INFO: Initialization processed in 379 ms
Dec 20, 2013 1:55:36 PM org.apache.catalina.core.StandardService start
INFO: Starting service Catalina
Dec 20, 2013 1:55:36 PM org.apache.catalina.core.StandardEngine start
INFO: Starting Servlet Engine: Apache Tomcat/6.0.37
Dec 20, 2013 1:55:37 PM org.apache.catalina.startup.HostConfig deployDescriptor
INFO: Deploying configuration descriptor host-manager.xml
Dec 20, 2013 1:55:37 PM org.apache.catalina.startup.HostConfig deployDescriptor
INFO: Deploying configuration descriptor manager.xml
Dec 20, 2013 1:55:37 PM org.apache.catalina.startup.HostConfig deployDirectory
INFO: Deploying web application directory docs
Dec 20, 2013 1:55:37 PM org.apache.catalina.startup.HostConfig deployDirectory
INFO: Deploying web application directory examples
Dec 20, 2013 1:55:37 PM org.apache.catalina.startup.HostConfig deployDirectory
INFO: Deploying web application directory ROOT
Dec 20, 2013 1:55:37 PM org.apache.coyote.http11.Http11Protocol start
INFO: Starting Coyote HTTP/1.1 on http-8080
Dec 20, 2013 1:55:37 PM org.apache.jk.common.ChannelSocket init
INFO: JK: ajp13 listening on /0.0.0.0:8009
Dec 20, 2013 1:55:37 PM org.apache.jk.server.JkMain start
INFO: Jk running ID=0 time=0/10  config=null
Dec 20, 2013 1:55:37 PM org.apache.catalina.startup.Catalina start
INFO: Server startup in 519 ms
Dec 20, 2013 1:55:54 PM org.apache.coyote.http11.Http11Protocol pause
INFO: Pausing Coyote HTTP/1.1 on http-8080
Dec 20, 2013 1:55:55 PM org.apache.catalina.core.StandardService stop
INFO: Stopping service Catalina
Dec 20, 2013 1:55:55 PM org.apache.coyote.http11.Http11Protocol destroy
INFO: Stopping Coyote HTTP/1.1 on http-8080
